[debug] [2019-04-18T17:33:53.135Z] ----------------------------------------------------------------------
[debug] [2019-04-18T17:33:53.136Z] Command:       /usr/local/bin/node /usr/local/bin/firebase init
[debug] [2019-04-18T17:33:53.137Z] CLI Version:   6.6.0
[debug] [2019-04-18T17:33:53.137Z] Platform:      darwin
[debug] [2019-04-18T17:33:53.137Z] Node Version:  v10.15.0
[debug] [2019-04-18T17:33:53.138Z] Time:          Thu Apr 18 2019 10:33:53 GMT-0700 (Pacific Daylight Time)
[debug] [2019-04-18T17:33:53.138Z] ----------------------------------------------------------------------
[debug]
[debug] [2019-04-18T17:33:53.143Z] > command requires scopes: ["email","openid","https://www.googleapis.com/auth/cloudplatformprojects.readonly","https://www.googleapis.com/auth/firebase","https://www.googleapis.com/auth/cloud-platform"]
[debug] [2019-04-18T17:33:53.143Z] > authorizing via signed-in user
[info]
     ######## #### ########  ######## ########     ###     ######  ########
     ##        ##  ##     ## ##       ##     ##  ##   ##  ##       ##
     ######    ##  ########  ######   ########  #########  ######  ######
     ##        ##  ##    ##  ##       ##     ## ##     ##       ## ##
     ##       #### ##     ## ######## ########  ##     ##  ######  ########

You're about to initialize a Firebase project in this directory:

  /Users/jasmine/Desktop/animal-site

[info]
=== Project Setup
[info]
[info] First, let's associate this project directory with a Firebase project.
[info] You can create multiple project aliases by running firebase use --add,
[info] but for now we'll just set up a default project.
[info]
[debug] [2019-04-18T17:34:15.518Z] > refreshing access token with scopes: ["email","https://www.googleapis.com/auth/cloud-platform","https://www.googleapis.com/auth/cloudplatformprojects.readonly","https://www.googleapis.com/auth/firebase","openid"]
[debug] [2019-04-18T17:34:15.518Z] >>> HTTP REQUEST POST https://www.googleapis.com/oauth2/v3/token
 <request body omitted>
[debug] [2019-04-18T17:34:15.830Z] <<< HTTP RESPONSE 200
[debug] [2019-04-18T17:34:15.839Z] >>> HTTP REQUEST GET https://firebase.googleapis.com/v1beta1/projects?page_size=100

[debug] [2019-04-18T17:34:16.454Z] <<< HTTP RESPONSE 200
[info] i  Using project animal-site (animal-site)
[info]
=== Database Setup
[info]
[info] Firebase Realtime Database Rules allow you to define how your data should be
[info] structured and when your data can be read from and written to.
[info]
[debug] [2019-04-18T17:36:43.679Z] >>> HTTP REQUEST GET https://animal-site.firebaseio.com/.settings/rules.json

[debug] [2019-04-18T17:36:44.129Z] <<< HTTP RESPONSE 200
[info] ✔  Database Rules for animal-site have been downloaded to database.rules.json.
[info] Future modifications to database.rules.json will update Database Rules when you run
[info] firebase deploy.
[info]
=== Hosting Setup
[info]
[info] Your public directory is the folder (relative to your project directory) that
[info] will contain Hosting assets to be uploaded with firebase deploy. If you
[info] have a build process for your assets, use your build's output directory.
[info]
